<?xml version="1.0" encoding="UTF-8"?>
<!-- Generated by org.testng.reporters.JUnitXMLReporter -->
<testsuite hostname="LAPTOP-GJM2UU0F" ignored="0" name="Test" tests="4" failures="1" timestamp="2022-06-08T01:33:23 IST" time="0.069" errors="0">
  <testcase name="password" time="0.02" classname="com.testng.Demo">
    <skipped/>
  </testcase> <!-- password -->
  <testcase name="password" time="0.001" classname="com.testng.Demo">
    <skipped/>
  </testcase> <!-- password -->
  <testcase name="password" time="0.001" classname="com.testng.Demo">
    <failure type="org.junit.ComparisonFailure" message="expected:&amp;lt;[12345]&amp;gt; but was:&amp;lt;[98658]&amp;gt;">
      <![CDATA[org.junit.ComparisonFailure: expected:<[12345]> but was:<[98658]>
at org.junit.Assert.assertEquals(Assert.java:115)
at org.junit.Assert.assertEquals(Assert.java:144)
at com.testng.Demo.password(Demo.java:26)
at java.util.ArrayList.forEach(Unknown Source)
... Removed 27 stack frames]]>
    </failure>
  </testcase> <!-- password -->
  <testcase name="username" time="0.001" classname="com.testng.Demo"/>
</testsuite> <!-- Test -->
